<?xml version="1.0" encoding="UTF-8"?>
<!-- Generated by org.testng.reporters.JUnitReportReporter -->
<testsuite hostname="Nitha" failures="0" tests="1" name="Project.SampleProject.MainTest" time="23.505" errors="0" timestamp="2023-09-07T02:44:12 IST" skipped="0">
  <testcase classname="Project.SampleProject.MainTest" name="endToEndTests" time="23.505"/>
</testsuite> <!-- Project.SampleProject.MainTest -->
