<?xml version="1.0" encoding="UTF-8"?>
<!-- Generated by org.testng.reporters.JUnitReportReporter -->
<testsuite hostname="Nitha" failures="0" tests="2" name="Project.SampleProject.ErrorValidation" time="11.168" errors="0" timestamp="2023-09-11T02:53:19 IST" skipped="0">
  <testcase classname="Project.SampleProject.ErrorValidation" name="ProductCatalogueErrorChecking" time="8.058"/>
  <testcase classname="Project.SampleProject.ErrorValidation" name="LoginErrorChecking" time="3.110"/>
</testsuite> <!-- Project.SampleProject.ErrorValidation -->
