<?xml version="1.0" encoding="UTF-8"?>
<!-- Generated by org.testng.reporters.JUnitReportReporter -->
<testsuite hostname="Nitha" failures="0" tests="3" name="Project.SampleProject.SubmitOrder" time="18.659" errors="0" timestamp="2023-09-16T18:31:03 IST" skipped="0">
  <testcase classname="Project.SampleProject.SubmitOrder" name="endToEndTests" time="6.004"/>
  <testcase classname="Project.SampleProject.SubmitOrder" name="endToEndTests" time="6.165"/>
  <testcase classname="Project.SampleProject.SubmitOrder" name="VerifyProduct" time="6.490"/>
</testsuite> <!-- Project.SampleProject.SubmitOrder -->
