<?xml version="1.0" encoding="UTF-8"?>
<!-- Generated by org.testng.reporters.JUnitReportReporter -->
<testsuite hostname="Nitha" failures="0" tests="2" name="cucumber.TestNGTestRunner" time="16.689" errors="0" timestamp="2023-09-18T02:36:30 IST" skipped="0">
  <testcase classname="cucumber.TestNGTestRunner" name="runScenario" time="7.030"/>
  <testcase classname="cucumber.TestNGTestRunner" name="runScenario" time="9.659"/>
</testsuite> <!-- cucumber.TestNGTestRunner -->
