<?xml version="1.0" encoding="UTF-8"?>
<!-- Generated by org.testng.reporters.JUnitReportReporter -->
<testsuite hostname="Nitha" failures="0" tests="2" name="Project.SampleProject.ErrorValidation" time="10.665" errors="0" timestamp="2023-09-18T02:33:14 IST" skipped="0">
  <testcase classname="Project.SampleProject.ErrorValidation" name="LoginErrorChecking" time="5.960"/>
  <testcase classname="Project.SampleProject.ErrorValidation" name="ProductCatalogueErrorChecking" time="4.705"/>
</testsuite> <!-- Project.SampleProject.ErrorValidation -->
