<?xml version="1.0" encoding="UTF-8"?>
<!-- Generated by org.testng.reporters.JUnitReportReporter -->
<testsuite hostname="Nitha" failures="0" tests="3" name="cucumber.TestNGTestRunner" time="25.053" errors="0" timestamp="2023-09-18T02:49:25 IST" skipped="0">
  <testcase classname="cucumber.TestNGTestRunner" name="runScenario" time="7.809"/>
  <testcase classname="cucumber.TestNGTestRunner" name="runScenario" time="7.952"/>
  <testcase classname="cucumber.TestNGTestRunner" name="runScenario" time="9.292"/>
</testsuite> <!-- cucumber.TestNGTestRunner -->
