<?xml version="1.0" encoding="UTF-8"?>
<!-- Generated by org.testng.reporters.JUnitReportReporter -->
<testsuite hostname="Nitha" failures="0" tests="3" name="Project.SampleProject.SubmitOrder" time="15.555" errors="0" timestamp="2023-09-18T02:33:14 IST" skipped="0">
  <testcase classname="Project.SampleProject.SubmitOrder" name="VerifyProduct" time="3.360"/>
  <testcase classname="Project.SampleProject.SubmitOrder" name="endToEndTests" time="6.162"/>
  <testcase classname="Project.SampleProject.SubmitOrder" name="endToEndTests" time="6.033"/>
</testsuite> <!-- Project.SampleProject.SubmitOrder -->
